irun(64): 15.20-s084: (c) Copyright 1995-2020 Cadence Design Systems, Inc.
TOOL:	irun(64)	15.20-s084: Started on Dec 28, 2024 at 17:07:50 CST
irun
	../00_TESTBED/TESTBED.v
	-define GATE
	-debug
	-v ../08_TECH/SIM/asap7sc7p5t_SIMPLE_RVT_TT_08302018.v
	../08_TECH/SIM/asap7sc7p5t_SEQ_RVT_TT_08302018.v
	../08_TECH/SIM/asap7sc7p5t_INVBUF_RVT_TT_08302018.v
	-nontcglitch
	-loadpli1 debpli:novas_pli_boot
	-timescale 1ns/10fs
	-override_precision
	-sdf_precision 10fs
file: ../00_TESTBED/TESTBED.v
	module worklib.PATTERN:v
		errors: 0, warnings: 0
	module worklib.CIM_adder_tree:v
		errors: 0, warnings: 0
	module worklib.CIM_adder_tree_DW01_add_1:v
		errors: 0, warnings: 0
	module worklib.CIM_adder_tree_DW01_add_0:v
		errors: 0, warnings: 0
	module worklib.TESTBED:v
		errors: 0, warnings: 0
file: ../08_TECH/SIM/asap7sc7p5t_SEQ_RVT_TT_08302018.v
	module worklib.ASYNC_DFFHx1_ASAP7_75t_R:v
		errors: 0, warnings: 0
	module worklib.DFFHQNx1_ASAP7_75t_R:v
		errors: 0, warnings: 0
	module worklib.DFFHQNx2_ASAP7_75t_R:v
		errors: 0, warnings: 0
	module worklib.DFFHQNx3_ASAP7_75t_R:v
		errors: 0, warnings: 0
	module worklib.DFFHQx4_ASAP7_75t_R:v
		errors: 0, warnings: 0
	module worklib.DFFLQNx1_ASAP7_75t_R:v
		errors: 0, warnings: 0
	module worklib.DFFLQNx2_ASAP7_75t_R:v
		errors: 0, warnings: 0
	module worklib.DFFLQNx3_ASAP7_75t_R:v
		errors: 0, warnings: 0
	module worklib.DFFLQx4_ASAP7_75t_R:v
		errors: 0, warnings: 0
	module worklib.DHLx1_ASAP7_75t_R:v
		errors: 0, warnings: 0
	module worklib.DHLx2_ASAP7_75t_R:v
		errors: 0, warnings: 0
	module worklib.DHLx3_ASAP7_75t_R:v
		errors: 0, warnings: 0
	module worklib.DLLx1_ASAP7_75t_R:v
		errors: 0, warnings: 0
	module worklib.DLLx2_ASAP7_75t_R:v
		errors: 0, warnings: 0
	module worklib.DLLx3_ASAP7_75t_R:v
		errors: 0, warnings: 0
	module worklib.ICGx1_ASAP7_75t_R:v
		errors: 0, warnings: 0
	module worklib.ICGx2_ASAP7_75t_R:v
		errors: 0, warnings: 0
	module worklib.ICGx3_ASAP7_75t_R:v
		errors: 0, warnings: 0
	module worklib.SDFHx1_ASAP7_75t_R:v
		errors: 0, warnings: 0
	module worklib.SDFHx2_ASAP7_75t_R:v
		errors: 0, warnings: 0
	module worklib.SDFHx3_ASAP7_75t_R:v
		errors: 0, warnings: 0
	module worklib.SDFHx4_ASAP7_75t_R:v
		errors: 0, warnings: 0
	module worklib.SDFLx1_ASAP7_75t_R:v
		errors: 0, warnings: 0
	module worklib.SDFLx2_ASAP7_75t_R:v
		errors: 0, warnings: 0
	module worklib.SDFLx3_ASAP7_75t_R:v
		errors: 0, warnings: 0
	module worklib.SDFLx4_ASAP7_75t_R:v
		errors: 0, warnings: 0
	primitive worklib.altos_latch:v
		errors: 0, warnings: 0
	primitive worklib.altos_dff_err:v
		errors: 0, warnings: 0
	primitive worklib.altos_dff:v
		errors: 0, warnings: 0
	primitive worklib.altos_dff_r_err:v
		errors: 0, warnings: 0
	primitive worklib.altos_dff_r:v
		errors: 0, warnings: 0
	primitive worklib.altos_dff_s_err:v
		errors: 0, warnings: 0
	primitive worklib.altos_dff_s:v
		errors: 0, warnings: 0
	primitive worklib.altos_dff_sr_err:v
		errors: 0, warnings: 0
	primitive worklib.altos_dff_sr_0:v
		errors: 0, warnings: 0
	primitive worklib.altos_dff_sr_1:v
		errors: 0, warnings: 0
	primitive worklib.altos_latch_r:v
		errors: 0, warnings: 0
	primitive worklib.altos_latch_s:v
		errors: 0, warnings: 0
	primitive worklib.altos_latch_sr_0:v
		errors: 0, warnings: 0
	primitive worklib.altos_latch_sr_1:v
		errors: 0, warnings: 0
file: ../08_TECH/SIM/asap7sc7p5t_INVBUF_RVT_TT_08302018.v
	module worklib.BUFx10_ASAP7_75t_R:v
		errors: 0, warnings: 0
	module worklib.BUFx12_ASAP7_75t_R:v
		errors: 0, warnings: 0
	module worklib.BUFx12f_ASAP7_75t_R:v
		errors: 0, warnings: 0
	module worklib.BUFx16f_ASAP7_75t_R:v
		errors: 0, warnings: 0
	module worklib.BUFx24_ASAP7_75t_R:v
		errors: 0, warnings: 0
	module worklib.BUFx2_ASAP7_75t_R:v
		errors: 0, warnings: 0
	module worklib.BUFx3_ASAP7_75t_R:v
		errors: 0, warnings: 0
	module worklib.BUFx4_ASAP7_75t_R:v
		errors: 0, warnings: 0
	module worklib.BUFx4f_ASAP7_75t_R:v
		errors: 0, warnings: 0
	module worklib.BUFx5_ASAP7_75t_R:v
		errors: 0, warnings: 0
	module worklib.BUFx6f_ASAP7_75t_R:v
		errors: 0, warnings: 0
	module worklib.BUFx8_ASAP7_75t_R:v
		errors: 0, warnings: 0
	module worklib.HB1xp67_ASAP7_75t_R:v
		errors: 0, warnings: 0
	module worklib.HB2xp67_ASAP7_75t_R:v
		errors: 0, warnings: 0
	module worklib.HB3xp67_ASAP7_75t_R:v
		errors: 0, warnings: 0
	module worklib.HB4xp67_ASAP7_75t_R:v
		errors: 0, warnings: 0
	module worklib.INVx11_ASAP7_75t_R:v
		errors: 0, warnings: 0
	module worklib.INVx13_ASAP7_75t_R:v
		errors: 0, warnings: 0
	module worklib.INVx1_ASAP7_75t_R:v
		errors: 0, warnings: 0
	module worklib.INVx2_ASAP7_75t_R:v
		errors: 0, warnings: 0
	module worklib.INVx3_ASAP7_75t_R:v
		errors: 0, warnings: 0
	module worklib.INVx4_ASAP7_75t_R:v
		errors: 0, warnings: 0
	module worklib.INVx5_ASAP7_75t_R:v
		errors: 0, warnings: 0
	module worklib.INVx6_ASAP7_75t_R:v
		errors: 0, warnings: 0
	module worklib.INVx8_ASAP7_75t_R:v
		errors: 0, warnings: 0
	module worklib.INVxp33_ASAP7_75t_R:v
		errors: 0, warnings: 0
	module worklib.INVxp67_ASAP7_75t_R:v
		errors: 0, warnings: 0
file: ../08_TECH/SIM/asap7sc7p5t_SIMPLE_RVT_TT_08302018.v
	module asap7sc7p5t_SIMPLE_RVT_TT_08302018.AND2x2_ASAP7_75t_R:v
		errors: 0, warnings: 0
	module asap7sc7p5t_SIMPLE_RVT_TT_08302018.FAx1_ASAP7_75t_R:v
		errors: 0, warnings: 0
	module asap7sc7p5t_SIMPLE_RVT_TT_08302018.NAND2xp5_ASAP7_75t_R:v
		errors: 0, warnings: 0
	module asap7sc7p5t_SIMPLE_RVT_TT_08302018.NOR2xp33_ASAP7_75t_R:v
		errors: 0, warnings: 0
	module asap7sc7p5t_SIMPLE_RVT_TT_08302018.OR2x2_ASAP7_75t_R:v
		errors: 0, warnings: 0
	module asap7sc7p5t_SIMPLE_RVT_TT_08302018.OR3x1_ASAP7_75t_R:v
		errors: 0, warnings: 0
	module asap7sc7p5t_SIMPLE_RVT_TT_08302018.TIELOx1_ASAP7_75t_R:v
		errors: 0, warnings: 0
	module asap7sc7p5t_SIMPLE_RVT_TT_08302018.XOR2xp5_ASAP7_75t_R:v
		errors: 0, warnings: 0
		Caching library 'asap7sc7p5t_SIMPLE_RVT_TT_08302018' ....... Done
		Caching library 'worklib' ....... Done
	Elaborating the design hierarchy:
  CIM_adder_tree_DW01_add_0 add_125 ( .A(Output), .B(shift_buffer), .CI(n235), 
                                  |
ncelab: *W,CUVWSP (../02_SYN/Netlist/CIM_adder_tree_SYN.v,134|34): 1 output port was not connected:
ncelab: (../02_SYN/Netlist/CIM_adder_tree_SYN.v,917): CO

  FAx1_ASAP7_75t_R U1_12 ( .A(A[12]), .B(B[12]), .CI(n3), .SN(n14) );
                       |
ncelab: *W,CUVWSP (../02_SYN/Netlist/CIM_adder_tree_SYN.v,927|23): 1 output port was not connected:
ncelab: (../08_TECH/SIM/asap7sc7p5t_SIMPLE_RVT_TT_08302018.v,199): CON

  CIM_adder_tree_DW01_add_1 add_0_root_add_0_root_add_98_31 ( .A({n235, N224, 
                                                          |
ncelab: *W,CUVWSP (../02_SYN/Netlist/CIM_adder_tree_SYN.v,137|58): 1 output port was not connected:
ncelab: (../02_SYN/Netlist/CIM_adder_tree_SYN.v,882): CO

	Top level design units:
		TESTBED
		DFFHQNx1_ASAP7_75t_R
		DFFHQNx2_ASAP7_75t_R
		DFFHQNx3_ASAP7_75t_R
		DFFHQx4_ASAP7_75t_R
		DFFLQNx1_ASAP7_75t_R
		DFFLQNx2_ASAP7_75t_R
		DFFLQNx3_ASAP7_75t_R
		DFFLQx4_ASAP7_75t_R
		DHLx1_ASAP7_75t_R
		DHLx2_ASAP7_75t_R
		DHLx3_ASAP7_75t_R
		DLLx1_ASAP7_75t_R
		DLLx2_ASAP7_75t_R
		DLLx3_ASAP7_75t_R
		ICGx1_ASAP7_75t_R
		ICGx2_ASAP7_75t_R
		ICGx3_ASAP7_75t_R
		SDFHx1_ASAP7_75t_R
		SDFHx2_ASAP7_75t_R
		SDFHx3_ASAP7_75t_R
		SDFHx4_ASAP7_75t_R
		SDFLx1_ASAP7_75t_R
		SDFLx2_ASAP7_75t_R
		SDFLx3_ASAP7_75t_R
		SDFLx4_ASAP7_75t_R
		BUFx10_ASAP7_75t_R
		BUFx12_ASAP7_75t_R
		BUFx12f_ASAP7_75t_R
		BUFx16f_ASAP7_75t_R
		BUFx24_ASAP7_75t_R
		BUFx2_ASAP7_75t_R
		BUFx3_ASAP7_75t_R
		BUFx4_ASAP7_75t_R
		BUFx4f_ASAP7_75t_R
		BUFx5_ASAP7_75t_R
		BUFx6f_ASAP7_75t_R
		BUFx8_ASAP7_75t_R
		HB2xp67_ASAP7_75t_R
		HB3xp67_ASAP7_75t_R
		HB4xp67_ASAP7_75t_R
		INVx11_ASAP7_75t_R
		INVx13_ASAP7_75t_R
		INVx2_ASAP7_75t_R
		INVx3_ASAP7_75t_R
		INVx4_ASAP7_75t_R
		INVx5_ASAP7_75t_R
		INVx6_ASAP7_75t_R
		INVx8_ASAP7_75t_R
		INVxp33_ASAP7_75t_R
		INVxp67_ASAP7_75t_R
	Building instance overlay tables: .................... Done
	Generating native compiled code:
		asap7sc7p5t_SIMPLE_RVT_TT_08302018.FAx1_ASAP7_75t_R:v <0x68fd9611>
			streams:   0, words:     0
		asap7sc7p5t_SIMPLE_RVT_TT_08302018.XOR2xp5_ASAP7_75t_R:v <0x50d6ab4f>
			streams:   0, words:     0
		worklib.ASYNC_DFFHx1_ASAP7_75t_R:v <0x10d710a4>
			streams:   0, words:     0
		worklib.ASYNC_DFFHx1_ASAP7_75t_R:v <0x23453cc5>
			streams:   0, words:     0
		worklib.CIM_adder_tree:v <0x21175958>
			streams:   0, words:     0
		worklib.DFFHQNx1_ASAP7_75t_R:v <0x7cf62fae>
			streams:   0, words:     0
		worklib.DFFHQNx2_ASAP7_75t_R:v <0x49ea9737>
			streams:   0, words:     0
		worklib.DFFHQNx3_ASAP7_75t_R:v <0x5dd74ded>
			streams:   0, words:     0
		worklib.DFFHQx4_ASAP7_75t_R:v <0x52ec16ae>
			streams:   0, words:     0
		worklib.DFFLQNx1_ASAP7_75t_R:v <0x4ebd2c3f>
			streams:   0, words:     0
		worklib.DFFLQNx2_ASAP7_75t_R:v <0x32a49f1b>
			streams:   0, words:     0
		worklib.DFFLQNx3_ASAP7_75t_R:v <0x2f830c38>
			streams:   0, words:     0
		worklib.DFFLQx4_ASAP7_75t_R:v <0x47e800f0>
			streams:   0, words:     0
		worklib.DHLx1_ASAP7_75t_R:v <0x6a3a714e>
			streams:   0, words:     0
		worklib.DHLx2_ASAP7_75t_R:v <0x607b1c11>
			streams:   0, words:     0
		worklib.DHLx3_ASAP7_75t_R:v <0x61727589>
			streams:   0, words:     0
		worklib.DLLx1_ASAP7_75t_R:v <0x1017dd62>
			streams:   0, words:     0
		worklib.DLLx2_ASAP7_75t_R:v <0x3f9b85e0>
			streams:   0, words:     0
		worklib.DLLx3_ASAP7_75t_R:v <0x036d202f>
			streams:   0, words:     0
		worklib.ICGx1_ASAP7_75t_R:v <0x119231c7>
			streams:   0, words:     0
		worklib.ICGx2_ASAP7_75t_R:v <0x173ec57b>
			streams:   0, words:     0
		worklib.ICGx3_ASAP7_75t_R:v <0x341e49f3>
			streams:   0, words:     0
		worklib.PATTERN:v <0x340fe42a>
			streams:  13, words: 46105
		worklib.SDFHx1_ASAP7_75t_R:v <0x1ef913f4>
			streams:   0, words:     0
		worklib.SDFHx2_ASAP7_75t_R:v <0x021ad55d>
			streams:   0, words:     0
		worklib.SDFHx3_ASAP7_75t_R:v <0x5036fa8b>
			streams:   0, words:     0
		worklib.SDFHx4_ASAP7_75t_R:v <0x03613f6a>
			streams:   0, words:     0
		worklib.SDFLx1_ASAP7_75t_R:v <0x0c164dab>
			streams:   0, words:     0
		worklib.SDFLx2_ASAP7_75t_R:v <0x620efdc8>
			streams:   0, words:     0
		worklib.SDFLx3_ASAP7_75t_R:v <0x575b0267>
			streams:   0, words:     0
		worklib.SDFLx4_ASAP7_75t_R:v <0x6c144cb8>
			streams:   0, words:     0
		worklib.TESTBED:v <0x22c1f9b7>
			streams:   1, words:   746
	Building instance specific data structures.
	Loading native compiled code:     .................... Done
	Design hierarchy summary:
		                    Instances  Unique
		Modules:                  676      66
		UDPs:                     119      14
		Primitives:              3188       4
		Timing outputs:           801      22
		Registers:                110      86
		Scalar wires:             965       -
		Expanded wires:           128      32
		Always blocks:              1       1
		Initial blocks:             4       4
		Timing checks:           1881       -
		Delayed tcheck signals:   225     111
		Simulation timescale:    10fs
	Writing initial simulation snapshot: worklib.TESTBED:v
Loading snapshot worklib.TESTBED:v .................... Done
ncsim> source /usr/cad/cadence/INCISIV/INCISIVE_15.20.084/tools/inca/files/ncsimrc
ncsim> run
Golden_Output = 1792
[0;34mPASS PATTERN NO.   0,[m [0;32mexecution cycle :    0,[m
Golden_Output = 1925
[0;34mPASS PATTERN NO.   1,[m [0;32mexecution cycle :    0,[m
Golden_Output = 1988
[0;34mPASS PATTERN NO.   2,[m [0;32mexecution cycle :    0,[m
Golden_Output = 2247
[0;34mPASS PATTERN NO.   3,[m [0;32mexecution cycle :    0,[m
Golden_Output = 1935
[0;34mPASS PATTERN NO.   4,[m [0;32mexecution cycle :    0,[m
Golden_Output = 1672
[0;34mPASS PATTERN NO.   5,[m [0;32mexecution cycle :    0,[m
Golden_Output = 1591
[0;34mPASS PATTERN NO.   6,[m [0;32mexecution cycle :    0,[m
Golden_Output = 1966
[0;34mPASS PATTERN NO.   7,[m [0;32mexecution cycle :    0,[m
Golden_Output = 1788
[0;34mPASS PATTERN NO.   8,[m [0;32mexecution cycle :    0,[m
Golden_Output = 1916
[0;34mPASS PATTERN NO.   9,[m [0;32mexecution cycle :    0,[m
----------------------------------------------------------------------------------------------------------------------
                                                  Congratulations!                                                    
                                           You have passed all patterns!                                              
----------------------------------------------------------------------------------------------------------------------
Simulation complete via $finish(1) at time 43775 PS + 0
../00_TESTBED/PATTERN.v:266 $finish;    
ncsim> exit
TOOL:	irun(64)	15.20-s084: Exiting on Dec 28, 2024 at 17:07:52 CST  (total: 00:00:02)
